{"/home/duncan/Src/scratch/pad.ts": {"path":"/home/duncan/Src/scratch/pad.ts","statementMap":{"0":{"start":{"line":14,"column":1},"end":{"line":25,"column":null}},"1":{"start":{"line":16,"column":3},"end":{"line":16,"column":12}},"2":{"start":{"line":18,"column":3},"end":{"line":18,"column":12}},"3":{"start":{"line":20,"column":3},"end":{"line":20,"column":12}},"4":{"start":{"line":22,"column":3},"end":{"line":22,"column":12}},"5":{"start":{"line":24,"column":3},"end":{"line":24,"column":43}},"6":{"start":{"line":29,"column":1},"end":{"line":29,"column":54}},"7":{"start":{"line":34,"column":17},"end":{"line":34,"column":37}},"8":{"start":{"line":35,"column":15},"end":{"line":35,"column":41}},"9":{"start":{"line":36,"column":16},"end":{"line":36,"column":62}},"10":{"start":{"line":37,"column":1},"end":{"line":40,"column":null}},"11":{"start":{"line":37,"column":12},"end":{"line":37,"column":13}},"12":{"start":{"line":38,"column":2},"end":{"line":38,"column":47}},"13":{"start":{"line":39,"column":2},"end":{"line":39,"column":24}},"14":{"start":{"line":41,"column":1},"end":{"line":41,"column":49}},"15":{"start":{"line":42,"column":16},"end":{"line":42,"column":35}},"16":{"start":{"line":43,"column":1},"end":{"line":59,"column":null}},"17":{"start":{"line":43,"column":12},"end":{"line":43,"column":13}},"18":{"start":{"line":44,"column":16},"end":{"line":44,"column":20}},"19":{"start":{"line":45,"column":14},"end":{"line":45,"column":18}},"20":{"start":{"line":46,"column":2},"end":{"line":58,"column":null}},"21":{"start":{"line":47,"column":3},"end":{"line":47,"column":37}},"22":{"start":{"line":48,"column":9},"end":{"line":58,"column":null}},"23":{"start":{"line":49,"column":3},"end":{"line":49,"column":null}},"24":{"start":{"line":50,"column":9},"end":{"line":58,"column":null}},"25":{"start":{"line":51,"column":3},"end":{"line":51,"column":null}},"26":{"start":{"line":52,"column":9},"end":{"line":58,"column":null}},"27":{"start":{"line":53,"column":3},"end":{"line":53,"column":null}},"28":{"start":{"line":54,"column":9},"end":{"line":58,"column":null}},"29":{"start":{"line":55,"column":3},"end":{"line":55,"column":null}},"30":{"start":{"line":57,"column":3},"end":{"line":57,"column":null}},"31":{"start":{"line":60,"column":1},"end":{"line":60,"column":15}},"32":{"start":{"line":63,"column":8},"end":{"line":63,"column":16}}},"fnMap":{"0":{"name":"impact","decl":{"start":{"line":13,"column":9},"end":{"line":13,"column":15}},"loc":{"start":{"line":13,"column":26},"end":{"line":26,"column":1}}},"1":{"name":"nextCounter","decl":{"start":{"line":28,"column":9},"end":{"line":28,"column":20}},"loc":{"start":{"line":28,"column":47},"end":{"line":30,"column":1}}},"2":{"name":"solution","decl":{"start":{"line":32,"column":9},"end":{"line":32,"column":17}},"loc":{"start":{"line":32,"column":63},"end":{"line":61,"column":1}}}},"branchMap":{"0":{"loc":{"start":{"line":15,"column":2},"end":{"line":16,"column":12}},"type":"switch","locations":[{"start":{"line":15,"column":2},"end":{"line":16,"column":12}},{"start":{"line":17,"column":2},"end":{"line":18,"column":12}},{"start":{"line":19,"column":2},"end":{"line":20,"column":12}},{"start":{"line":21,"column":2},"end":{"line":22,"column":12}},{"start":{"line":23,"column":2},"end":{"line":24,"column":43}}]},"1":{"loc":{"start":{"line":46,"column":2},"end":{"line":58,"column":null}},"type":"if","locations":[{"start":{"line":46,"column":2},"end":{"line":58,"column":null}},{"start":{"line":46,"column":2},"end":{"line":58,"column":null}}]},"2":{"loc":{"start":{"line":48,"column":9},"end":{"line":58,"column":null}},"type":"if","locations":[{"start":{"line":48,"column":9},"end":{"line":58,"column":null}},{"start":{"line":48,"column":9},"end":{"line":58,"column":null}}]},"3":{"loc":{"start":{"line":50,"column":9},"end":{"line":58,"column":null}},"type":"if","locations":[{"start":{"line":50,"column":9},"end":{"line":58,"column":null}},{"start":{"line":50,"column":9},"end":{"line":58,"column":null}}]},"4":{"loc":{"start":{"line":52,"column":9},"end":{"line":58,"column":null}},"type":"if","locations":[{"start":{"line":52,"column":9},"end":{"line":58,"column":null}},{"start":{"line":52,"column":9},"end":{"line":58,"column":null}}]},"5":{"loc":{"start":{"line":54,"column":9},"end":{"line":58,"column":null}},"type":"if","locations":[{"start":{"line":54,"column":9},"end":{"line":58,"column":null}},{"start":{"line":54,"column":9},"end":{"line":58,"column":null}}]}},"s":{"0":3,"1":1,"2":2,"3":0,"4":0,"5":0,"6":2,"7":1,"8":1,"9":1,"10":1,"11":1,"12":2,"13":2,"14":1,"15":1,"16":1,"17":1,"18":3,"19":3,"20":3,"21":2,"22":1,"23":0,"24":1,"25":1,"26":0,"27":0,"28":0,"29":0,"30":0,"31":1,"32":1},"f":{"0":3,"1":2,"2":1},"b":{"0":[1,2,0,0,0],"1":[2,1],"2":[0,1],"3":[1,0],"4":[0,0],"5":[0,0]}}
}
