TN:
SF:pad.ts
FN:13,impact
FN:28,nextCounter
FN:32,solution
FNF:3
FNH:3
FNDA:3,impact
FNDA:2,nextCounter
FNDA:1,solution
DA:14,3
DA:16,1
DA:18,2
DA:20,0
DA:22,0
DA:24,0
DA:29,2
DA:34,1
DA:35,1
DA:36,1
DA:37,1
DA:38,2
DA:39,2
DA:41,1
DA:42,1
DA:43,1
DA:44,3
DA:45,3
DA:46,3
DA:47,2
DA:48,1
DA:49,0
DA:50,1
DA:51,1
DA:52,0
DA:53,0
DA:54,0
DA:55,0
DA:57,0
DA:60,1
DA:63,1
LF:31
LH:22
BRDA:15,0,0,1
BRDA:15,0,1,2
BRDA:15,0,2,0
BRDA:15,0,3,0
BRDA:15,0,4,0
BRDA:46,1,0,2
BRDA:46,1,1,1
BRDA:48,2,0,0
BRDA:48,2,1,1
BRDA:50,3,0,1
BRDA:50,3,1,0
BRDA:52,4,0,0
BRDA:52,4,1,0
BRDA:54,5,0,0
BRDA:54,5,1,0
BRF:15
BRH:6
end_of_record
